TN:
SF:/Users/jesusr/ws/mapboxer/src/errors.js
FNF:0
FNH:0
DA:1,0
LF:1
LH:0
BRF:0
BRH:0
end_of_record
TN:
SF:/Users/jesusr/ws/mapboxer/src/mapUtils.js
FN:7,getCenterZoomFromGeoJson
FN:14,latRad
FN:20,zoom
FN:41,bboxFromPolygon
FN:51,isPointInPolygon
FN:55,getPolygonFromBbox
FN:59,isIntersectedPolygons
FN:63,geojsonCircle
FNF:8
FNH:0
FNDA:0,getCenterZoomFromGeoJson
FNDA:0,latRad
FNDA:0,zoom
FNDA:0,bboxFromPolygon
FNDA:0,isPointInPolygon
FNDA:0,getPolygonFromBbox
FNDA:0,isIntersectedPolygons
FNDA:0,geojsonCircle
DA:9,0
DA:10,0
DA:11,0
DA:12,0
DA:15,0
DA:16,0
DA:17,0
DA:21,0
DA:24,0
DA:25,0
DA:27,0
DA:29,0
DA:30,0
DA:32,0
DA:33,0
DA:35,0
DA:42,0
DA:43,0
DA:44,0
DA:46,0
DA:48,0
DA:52,0
DA:56,0
DA:60,0
DA:64,0
LF:25
LH:0
BRDA:30,0,0,0
BRDA:30,0,1,0
BRDA:42,1,0,0
BRDA:42,1,1,0
BRDA:43,2,0,0
BRDA:43,2,1,0
BRDA:44,3,0,0
BRDA:44,3,1,0
BRF:8
BRH:0
end_of_record
TN:
SF:/Users/jesusr/ws/mapboxer/src/mapboxer.js
FN:9,(anonymous_0)
FN:17,(anonymous_1)
FN:19,(anonymous_2)
FN:25,(anonymous_3)
FN:30,(anonymous_4)
FN:42,(anonymous_5)
FN:49,getElementFromStr
FN:53,selectFromDom
FN:63,isElement
